C:\Users\Ayotunde\source\repos\DutchTreat\wwwroot\clientapp\dist\out-tsc\ClientApp\app\app.component.js
C:\Users\Ayotunde\source\repos\DutchTreat\wwwroot\clientapp\dist\out-tsc\ClientApp\app\app.component.js.map
C:\Users\Ayotunde\source\repos\DutchTreat\wwwroot\clientapp\dist\out-tsc\ClientApp\app\shared\product.js
C:\Users\Ayotunde\source\repos\DutchTreat\wwwroot\clientapp\dist\out-tsc\ClientApp\app\shared\product.js.map
C:\Users\Ayotunde\source\repos\DutchTreat\wwwroot\clientapp\dist\out-tsc\ClientApp\app\shared\order.js
C:\Users\Ayotunde\source\repos\DutchTreat\wwwroot\clientapp\dist\out-tsc\ClientApp\app\shared\order.js.map
C:\Users\Ayotunde\source\repos\DutchTreat\wwwroot\clientapp\dist\out-tsc\ClientApp\app\shared\dataService.js
C:\Users\Ayotunde\source\repos\DutchTreat\wwwroot\clientapp\dist\out-tsc\ClientApp\app\shared\dataService.js.map
C:\Users\Ayotunde\source\repos\DutchTreat\wwwroot\clientapp\dist\out-tsc\ClientApp\app\shop\productList.component.js
C:\Users\Ayotunde\source\repos\DutchTreat\wwwroot\clientapp\dist\out-tsc\ClientApp\app\shop\productList.component.js.map
C:\Users\Ayotunde\source\repos\DutchTreat\wwwroot\clientapp\dist\out-tsc\ClientApp\app\shop\cart.component.js
C:\Users\Ayotunde\source\repos\DutchTreat\wwwroot\clientapp\dist\out-tsc\ClientApp\app\shop\cart.component.js.map
C:\Users\Ayotunde\source\repos\DutchTreat\wwwroot\clientapp\dist\out-tsc\ClientApp\app\shop\shop.component.js
C:\Users\Ayotunde\source\repos\DutchTreat\wwwroot\clientapp\dist\out-tsc\ClientApp\app\shop\shop.component.js.map
C:\Users\Ayotunde\source\repos\DutchTreat\wwwroot\clientapp\dist\out-tsc\ClientApp\app\checkout\checkout.component.js
C:\Users\Ayotunde\source\repos\DutchTreat\wwwroot\clientapp\dist\out-tsc\ClientApp\app\checkout\checkout.component.js.map
C:\Users\Ayotunde\source\repos\DutchTreat\wwwroot\clientapp\dist\out-tsc\ClientApp\app\login\login.component.js
C:\Users\Ayotunde\source\repos\DutchTreat\wwwroot\clientapp\dist\out-tsc\ClientApp\app\login\login.component.js.map
C:\Users\Ayotunde\source\repos\DutchTreat\wwwroot\clientapp\dist\out-tsc\ClientApp\app\app.module.js
C:\Users\Ayotunde\source\repos\DutchTreat\wwwroot\clientapp\dist\out-tsc\ClientApp\app\app.module.js.map
C:\Users\Ayotunde\source\repos\DutchTreat\wwwroot\clientapp\dist\out-tsc\ClientApp\environments\environment.js
C:\Users\Ayotunde\source\repos\DutchTreat\wwwroot\clientapp\dist\out-tsc\ClientApp\environments\environment.js.map
C:\Users\Ayotunde\source\repos\DutchTreat\wwwroot\clientapp\dist\out-tsc\ClientApp\main.js
C:\Users\Ayotunde\source\repos\DutchTreat\wwwroot\clientapp\dist\out-tsc\ClientApp\main.js.map
C:\Users\Ayotunde\source\repos\DutchTreat\wwwroot\clientapp\dist\out-tsc\ClientApp\polyfills.js
C:\Users\Ayotunde\source\repos\DutchTreat\wwwroot\clientapp\dist\out-tsc\ClientApp\polyfills.js.map
C:\Users\Ayotunde\source\repos\DutchTreat\wwwroot\clientapp\dist\out-tsc\ClientApp\environments\environment.prod.js
C:\Users\Ayotunde\source\repos\DutchTreat\wwwroot\clientapp\dist\out-tsc\ClientApp\environments\environment.prod.js.map
C:\Users\Ayotunde\source\repos\DutchTreat\wwwroot\clientapp\dist\out-tsc\ClientAppOld\app\app.component.js
C:\Users\Ayotunde\source\repos\DutchTreat\wwwroot\clientapp\dist\out-tsc\ClientAppOld\app\app.component.js.map
C:\Users\Ayotunde\source\repos\DutchTreat\wwwroot\clientapp\dist\out-tsc\ClientAppOld\app\shop\productList.component.js
C:\Users\Ayotunde\source\repos\DutchTreat\wwwroot\clientapp\dist\out-tsc\ClientAppOld\app\shop\productList.component.js.map
C:\Users\Ayotunde\source\repos\DutchTreat\wwwroot\clientapp\dist\out-tsc\ClientAppOld\app\app.module.js
C:\Users\Ayotunde\source\repos\DutchTreat\wwwroot\clientapp\dist\out-tsc\ClientAppOld\app\app.module.js.map
C:\Users\Ayotunde\source\repos\DutchTreat\wwwroot\clientapp\dist\out-tsc\ClientAppOld\environments\environment.js
C:\Users\Ayotunde\source\repos\DutchTreat\wwwroot\clientapp\dist\out-tsc\ClientAppOld\environments\environment.js.map
C:\Users\Ayotunde\source\repos\DutchTreat\wwwroot\clientapp\dist\out-tsc\ClientAppOld\main.js
C:\Users\Ayotunde\source\repos\DutchTreat\wwwroot\clientapp\dist\out-tsc\ClientAppOld\main.js.map
C:\Users\Ayotunde\source\repos\DutchTreat\wwwroot\clientapp\dist\out-tsc\ClientAppOld\polyfills.js
C:\Users\Ayotunde\source\repos\DutchTreat\wwwroot\clientapp\dist\out-tsc\ClientAppOld\polyfills.js.map
C:\Users\Ayotunde\source\repos\DutchTreat\wwwroot\clientapp\dist\out-tsc\ClientAppOld\test.js
C:\Users\Ayotunde\source\repos\DutchTreat\wwwroot\clientapp\dist\out-tsc\ClientAppOld\test.js.map
C:\Users\Ayotunde\source\repos\DutchTreat\wwwroot\clientapp\dist\out-tsc\ClientAppOld\environments\environment.prod.js
C:\Users\Ayotunde\source\repos\DutchTreat\wwwroot\clientapp\dist\out-tsc\ClientAppOld\environments\environment.prod.js.map
C:\Users\Ayotunde\source\repos\DutchTreat\wwwroot\clientapp\dist\out-tsc\obj\Release\netcoreapp3.0\PubTmp\Out\wwwroot\ts\main.js
C:\Users\Ayotunde\source\repos\DutchTreat\wwwroot\clientapp\dist\out-tsc\obj\Release\netcoreapp3.0\PubTmp\Out\wwwroot\ts\main.js.map
C:\Users\Ayotunde\source\repos\DutchTreat\wwwroot\clientapp\dist\out-tsc\obj\Release\netcoreapp3.0\PubTmp\Out\wwwroot\ts\storecustomer.js
C:\Users\Ayotunde\source\repos\DutchTreat\wwwroot\clientapp\dist\out-tsc\obj\Release\netcoreapp3.0\PubTmp\Out\wwwroot\ts\storecustomer.js.map
C:\Users\Ayotunde\source\repos\DutchTreat\wwwroot\clientapp\dist\out-tsc\wwwroot\ts\main.js
C:\Users\Ayotunde\source\repos\DutchTreat\wwwroot\clientapp\dist\out-tsc\wwwroot\ts\main.js.map
C:\Users\Ayotunde\source\repos\DutchTreat\wwwroot\clientapp\dist\out-tsc\wwwroot\ts\storecustomer.js
C:\Users\Ayotunde\source\repos\DutchTreat\wwwroot\clientapp\dist\out-tsc\wwwroot\ts\storecustomer.js.map
